<?xml version="1.0" encoding="UTF-8"?>
<testng-results skipped="0" failed="0" total="1" passed="1">
  <reporter-output>
  </reporter-output>
  <suite name="com.selenium.testing.webDriverTest" duration-ms="18314" started-at="2018-02-22T17:07:03Z" finished-at="2018-02-22T17:07:22Z">
    <groups>
    </groups>
    <test name="Command line test" duration-ms="18314" started-at="2018-02-22T17:07:03Z" finished-at="2018-02-22T17:07:22Z">
      <class name="com.selenium.testing.webDriverTest">
        <test-method status="PASS" signature="freheart()[pri:0, instance:com.selenium.testing.webDriverTest@506e6d5e]" name="freheart" duration-ms="18289" started-at="2018-02-22T22:37:03Z" finished-at="2018-02-22T22:37:22Z">
          <reporter-output>
          </reporter-output>
        </test-method> <!-- freheart -->
      </class> <!-- com.selenium.testing.webDriverTest -->
    </test> <!-- Command line test -->
  </suite> <!-- com.selenium.testing.webDriverTest -->
</testng-results>
