<?xml version="1.0" encoding="UTF-8"?>
<testng-results skipped="0" failed="0" total="1" passed="1">
  <reporter-output>
  </reporter-output>
  <suite name="Default suite" duration-ms="15098" started-at="2018-02-22T17:05:44Z" finished-at="2018-02-22T17:05:59Z">
    <groups>
    </groups>
    <test name="Default test" duration-ms="15098" started-at="2018-02-22T17:05:44Z" finished-at="2018-02-22T17:05:59Z">
      <class name="com.selenium.testing.webDriver">
        <test-method status="PASS" signature="freheart()[pri:0, instance:com.selenium.testing.webDriver@58651fd0]" name="freheart" duration-ms="15074" started-at="2018-02-22T22:35:44Z" finished-at="2018-02-22T22:35:59Z">
          <reporter-output>
          </reporter-output>
        </test-method> <!-- freheart -->
      </class> <!-- com.selenium.testing.webDriver -->
    </test> <!-- Default test -->
  </suite> <!-- Default suite -->
</testng-results>
